[debug] [2023-03-05T08:19:45.130Z] ----------------------------------------------------------------------
[debug] [2023-03-05T08:19:45.131Z] Command:       /opt/homebrew/Cellar/node/18.8.0/bin/node /opt/homebrew/bin/firebase init hosting
[debug] [2023-03-05T08:19:45.132Z] CLI Version:   11.24.0
[debug] [2023-03-05T08:19:45.132Z] Platform:      darwin
[debug] [2023-03-05T08:19:45.132Z] Node Version:  v18.8.0
[debug] [2023-03-05T08:19:45.133Z] Time:          Sun Mar 05 2023 13:49:45 GMT+0530 (India Standard Time)
[debug] [2023-03-05T08:19:45.133Z] ----------------------------------------------------------------------
[debug] 
[debug] [2023-03-05T08:19:45.138Z] > command requires scopes: ["email","openid","https://www.googleapis.com/auth/cloudplatformprojects.readonly","https://www.googleapis.com/auth/firebase","https://www.googleapis.com/auth/cloud-platform"]
[debug] [2023-03-05T08:19:45.138Z] > authorizing via signed-in user (yashbgdi@gmail.com)
[info] 
     ######## #### ########  ######## ########     ###     ######  ########
     ##        ##  ##     ## ##       ##     ##  ##   ##  ##       ##
     ######    ##  ########  ######   ########  #########  ######  ######
     ##        ##  ##    ##  ##       ##     ## ##     ##       ## ##
     ##       #### ##     ## ######## ########  ##     ##  ######  ########

You're about to initialize a Firebase project in this directory:

  /Users/ichinwilder/Downloads/wilder/next-tailwind-typescript-starter

[info] 
=== Project Setup
[info] 
[info] First, let's associate this project directory with a Firebase project.
[info] You can create multiple project aliases by running firebase use --add, 
[info] but for now we'll just set up a default project.
[info] 
[debug] [2023-03-05T08:19:46.697Z] > refreshing access token with scopes: []
[debug] [2023-03-05T08:19:46.699Z] >>> [apiv2][query] POST https://www.googleapis.com/oauth2/v3/token [none]
[debug] [2023-03-05T08:19:46.699Z] >>> [apiv2][body] POST https://www.googleapis.com/oauth2/v3/token [omitted]
[debug] [2023-03-05T08:19:46.977Z] <<< [apiv2][status] POST https://www.googleapis.com/oauth2/v3/token 200
[debug] [2023-03-05T08:19:46.977Z] <<< [apiv2][body] POST https://www.googleapis.com/oauth2/v3/token [omitted]
[debug] [2023-03-05T08:19:47.021Z] >>> [apiv2][query] GET https://firebase.googleapis.com/v1beta1/projects pageSize=100
[debug] [2023-03-05T08:19:47.971Z] <<< [apiv2][status] GET https://firebase.googleapis.com/v1beta1/projects 200
[debug] [2023-03-05T08:19:47.972Z] <<< [apiv2][body] GET https://firebase.googleapis.com/v1beta1/projects [omitted]
[info] i  Using project yashbagaria-portfolio (yashbagaria-portfolio) 
[info] 
=== Hosting Setup
[info] 
[info] i  Detected a .git folder at /Users/ichinwilder/Downloads/wilder/next-tailwind-typescript-starter 
[info] i  Authorizing with GitHub to upload your service account to a GitHub repository's secrets store. 
[info] 
[info] Visit this URL on this device to log in:
[info] https://github.com/login/oauth/authorize?client_id=89cf50f02ac6aaed3484&state=680299732&redirect_uri=http%3A%2F%2Flocalhost%3A9005&scope=read%3Auser%20repo%20public_repo
[info] 
[info] Waiting for authentication...
[debug] [2023-03-05T08:20:30.739Z] >>> [apiv2][query] POST https://github.com/login/oauth/access_token [none]
[debug] [2023-03-05T08:20:30.740Z] >>> [apiv2][body] POST https://github.com/login/oauth/access_token [stream]
[debug] [2023-03-05T08:20:31.160Z] <<< [apiv2][status] POST https://github.com/login/oauth/access_token 200
[debug] [2023-03-05T08:20:31.160Z] <<< [apiv2][body] POST https://github.com/login/oauth/access_token {"access_token":"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","token_type":"bearer","scope":"read:user,repo"}
[debug] [2023-03-05T08:20:31.167Z] >>> [apiv2][query] GET https://api.github.com/user [none]
[debug] [2023-03-05T08:20:31.602Z] <<< [apiv2][status] GET https://api.github.com/user 200
[debug] [2023-03-05T08:20:31.603Z] <<< [apiv2][body] GET https://api.github.com/user {"login":"iwilder53","id":71007725,"node_id":"MDQ6VXNlcjcxMDA3NzI1","avatar_url":"https://avatars.githubusercontent.com/u/71007725?v=4","gravatar_id":"","url":"https://api.github.com/users/iwilder53","html_url":"https://github.com/iwilder53","followers_url":"https://api.github.com/users/iwilder53/followers","following_url":"https://api.github.com/users/iwilder53/following{/other_user}","gists_url":"https://api.github.com/users/iwilder53/gists{/gist_id}","starred_url":"https://api.github.com/users/iwilder53/starred{/owner}{/repo}","subscriptions_url":"https://api.github.com/users/iwilder53/subscriptions","organizations_url":"https://api.github.com/users/iwilder53/orgs","repos_url":"https://api.github.com/users/iwilder53/repos","events_url":"https://api.github.com/users/iwilder53/events{/privacy}","received_events_url":"https://api.github.com/users/iwilder53/received_events","type":"User","site_admin":false,"name":null,"company":"Heta Datain","blog":"","location":null,"email":null,"hireable":null,"bio":"Yash Bagaria \r\nJust a graduart student\r\nEmbedded Systems Engineer \r\n// C++ & ASM\r\nUI/UX\r\nAngular/Futter/Express/Node","twitter_username":null,"public_repos":35,"public_gists":0,"followers":0,"following":0,"created_at":"2020-09-09T09:03:42Z","updated_at":"2023-03-03T15:15:03Z","private_gists":0,"total_private_repos":2,"owned_private_repos":2,"disk_usage":116399,"collaborators":0,"two_factor_authentication":false,"plan":{"name":"free","space":976562499,"collaborators":0,"private_repos":10000}}
[info] 
[info] ✔  Success! Logged into GitHub as iwilder53 
[info] 
[debug] [2023-03-05T08:20:43.462Z] >>> [apiv2][query] GET https://api.github.com/repos//actions/secrets/public-key type=owner
[debug] [2023-03-05T08:20:43.846Z] <<< [apiv2][status] GET https://api.github.com/repos//actions/secrets/public-key 404
[debug] [2023-03-05T08:20:43.846Z] <<< [apiv2][body] GET https://api.github.com/repos//actions/secrets/public-key {"message":"Not Found","documentation_url":"https://docs.github.com/rest"}
[debug] [2023-03-05T08:20:44.037Z] >>> [apiv2][query] GET https://api.github.com/repos//actions/secrets/public-key type=owner
[debug] [2023-03-05T08:20:44.191Z] >>> [apiv2][query] GET https://api.github.com/repos//actions/secrets/public-key type=owner
[debug] [2023-03-05T08:20:44.377Z] <<< [apiv2][status] GET https://api.github.com/repos//actions/secrets/public-key 404
[debug] [2023-03-05T08:20:44.377Z] <<< [apiv2][body] GET https://api.github.com/repos//actions/secrets/public-key {"message":"Not Found","documentation_url":"https://docs.github.com/rest"}
[debug] [2023-03-05T08:20:44.535Z] <<< [apiv2][status] GET https://api.github.com/repos//actions/secrets/public-key 404
[debug] [2023-03-05T08:20:44.535Z] <<< [apiv2][body] GET https://api.github.com/repos//actions/secrets/public-key {"message":"Not Found","documentation_url":"https://docs.github.com/rest"}
